This is pdfTeX, Version 3.141592653-2.6-1.40.22 (TeX Live 2022/dev/Debian) (preloaded format=pdflatex 2024.3.19)  1 JUN 2024 00:05
entering extended mode
 restricted \write18 enabled.
 %&-line parsing enabled.
**rapport/rapport2.tex
(./rapport/rapport2.tex
LaTeX2e <2021-11-15> patch level 1
L3 programming layer <2022-01-21>
(/usr/share/texlive/texmf-dist/tex/latex/base/article.cls
Document Class: article 2021/10/04 v1.4n Standard LaTeX document class
(/usr/share/texlive/texmf-dist/tex/latex/base/size10.clo
File: size10.clo 2021/10/04 v1.4n Standard LaTeX file (size option)
)
\c@part=\count185
\c@section=\count186
\c@subsection=\count187
\c@subsubsection=\count188
\c@paragraph=\count189
\c@subparagraph=\count190
\c@figure=\count191
\c@table=\count192
\abovecaptionskip=\skip47
\belowcaptionskip=\skip48
\bibindent=\dimen138
)
(/usr/share/texlive/texmf-dist/tex/latex/base/inputenc.sty
Package: inputenc 2021/02/14 v1.3d Input encoding file
\inpenc@prehook=\toks16
\inpenc@posthook=\toks17
)
(/usr/share/texlive/texmf-dist/tex/latex/base/fontenc.sty
Package: fontenc 2021/04/29 v2.0v Standard LaTeX package
)
(/usr/share/texlive/texmf-dist/tex/generic/babel/babel.sty
Package: babel 2022/01/26 3.70 The Babel package
\babel@savecnt=\count193
\U@D=\dimen139
\l@unhyphenated=\language37

(/usr/share/texlive/texmf-dist/tex/generic/babel/txtbabel.def)
\bbl@readstream=\read2
\bbl@dirlevel=\count194

(/usr/share/texlive/texmf-dist/tex/generic/babel-french/francais.ldf
Language: francais 2021/07/20 v3.5m French support from the babel system


Package francais.ldf Warning: Option `francais' for Babel is *deprecated*,
(francais.ldf)                it might be removed sooner or later. Please
(francais.ldf)                use `french' instead; reported on input line 31.

(/usr/share/texlive/texmf-dist/tex/generic/babel-french/french.ldf
Language: french 2021/07/20 v3.5m French support from the babel system
Package babel Info: Hyphen rules for 'acadian' set to \l@french
(babel)             (\language31). Reported on input line 91.
Package babel Info: Hyphen rules for 'canadien' set to \l@french
(babel)             (\language31). Reported on input line 92.
\FB@nonchar=\count195
Package babel Info: Making : an active character on input line 430.
Package babel Info: Making ; an active character on input line 431.
Package babel Info: Making ! an active character on input line 432.
Package babel Info: Making ? an active character on input line 433.
\FBguill@level=\count196
\FBold@everypar=\toks18
\FB@Mht=\dimen140
\mc@charclass=\count197
\mc@charfam=\count198
\mc@charslot=\count199
\std@mcc=\count266
\dec@mcc=\count267
\listindentFB=\dimen141
\descindentFB=\dimen142
\labelindentFB=\dimen143
\labelwidthFB=\dimen144
\leftmarginFB=\dimen145
\parindentFFN=\dimen146
\FBfnindent=\dimen147
)))
(/usr/share/texlive/texmf-dist/tex/latex/carlisle/scalefnt.sty)
(/usr/share/texlive/texmf-dist/tex/latex/graphics/keyval.sty
Package: keyval 2014/10/28 v1.15 key=value parser (DPC)
\KV@toks@=\toks19
)
(/usr/share/texlive/texmf-dist/tex/latex/preprint/fullpage.sty
Package: fullpage 1999/02/23 1.1 (PWD)
\FP@margin=\skip49
)
(/usr/share/texlive/texmf-dist/tex/latex/tools/multicol.sty
Package: multicol 2021/10/28 v1.9b multicolumn formatting (FMi)
\c@tracingmulticols=\count268
\mult@box=\box50
\multicol@leftmargin=\dimen148
\c@unbalance=\count269
\c@collectmore=\count270
\doublecol@number=\count271
\multicoltolerance=\count272
\multicolpretolerance=\count273
\full@width=\dimen149
\page@free=\dimen150
\premulticols=\dimen151
\postmulticols=\dimen152
\multicolsep=\skip50
\multicolbaselineskip=\skip51
\partial@page=\box51
\last@line=\box52
\maxbalancingoverflow=\dimen153
\mult@rightbox=\box53
\mult@grightbox=\box54
\mult@firstbox=\box55
\mult@gfirstbox=\box56
\@tempa=\box57
\@tempa=\box58
\@tempa=\box59
\@tempa=\box60
\@tempa=\box61
\@tempa=\box62
\@tempa=\box63
\@tempa=\box64
\@tempa=\box65
\@tempa=\box66
\@tempa=\box67
\@tempa=\box68
\@tempa=\box69
\@tempa=\box70
\@tempa=\box71
\@tempa=\box72
\@tempa=\box73
\@tempa=\box74
\@tempa=\box75
\@tempa=\box76
\@tempa=\box77
\@tempa=\box78
\@tempa=\box79
\@tempa=\box80
\@tempa=\box81
\@tempa=\box82
\@tempa=\box83
\@tempa=\box84
\@tempa=\box85
\@tempa=\box86
\@tempa=\box87
\@tempa=\box88
\@tempa=\box89
\@tempa=\box90
\@tempa=\box91
\@tempa=\box92
\c@minrows=\count274
\c@columnbadness=\count275
\c@finalcolumnbadness=\count276
\last@try=\dimen154
\multicolovershoot=\dimen155
\multicolundershoot=\dimen156
\mult@nat@firstbox=\box93
\colbreak@box=\box94
\mc@col@check@num=\count277
)
(/usr/share/texlive/texmf-dist/tex/latex/hyperref/hyperref.sty
Package: hyperref 2021-06-07 v7.00m Hypertext links for LaTeX

(/usr/share/texlive/texmf-dist/tex/generic/ltxcmds/ltxcmds.sty
Package: ltxcmds 2020-05-10 v1.25 LaTeX kernel commands for general use (HO)
)
(/usr/share/texlive/texmf-dist/tex/generic/iftex/iftex.sty
Package: iftex 2020/03/06 v1.0d TeX engine tests
)
(/usr/share/texlive/texmf-dist/tex/generic/pdftexcmds/pdftexcmds.sty
Package: pdftexcmds 2020-06-27 v0.33 Utility functions of pdfTeX for LuaTeX (HO
)

(/usr/share/texlive/texmf-dist/tex/generic/infwarerr/infwarerr.sty
Package: infwarerr 2019/12/03 v1.5 Providing info/warning/error messages (HO)
)
Package pdftexcmds Info: \pdf@primitive is available.
Package pdftexcmds Info: \pdf@ifprimitive is available.
Package pdftexcmds Info: \pdfdraftmode found.
)
(/usr/share/texlive/texmf-dist/tex/generic/kvsetkeys/kvsetkeys.sty
Package: kvsetkeys 2019/12/15 v1.18 Key value parser (HO)
)
(/usr/share/texlive/texmf-dist/tex/generic/kvdefinekeys/kvdefinekeys.sty
Package: kvdefinekeys 2019-12-19 v1.6 Define keys (HO)
)
(/usr/share/texlive/texmf-dist/tex/generic/pdfescape/pdfescape.sty
Package: pdfescape 2019/12/09 v1.15 Implements pdfTeX's escape features (HO)
)
(/usr/share/texlive/texmf-dist/tex/latex/hycolor/hycolor.sty
Package: hycolor 2020-01-27 v1.10 Color options for hyperref/bookmark (HO)
)
(/usr/share/texlive/texmf-dist/tex/latex/letltxmacro/letltxmacro.sty
Package: letltxmacro 2019/12/03 v1.6 Let assignment for LaTeX macros (HO)
)
(/usr/share/texlive/texmf-dist/tex/latex/auxhook/auxhook.sty
Package: auxhook 2019-12-17 v1.6 Hooks for auxiliary files (HO)
)
(/usr/share/texlive/texmf-dist/tex/latex/kvoptions/kvoptions.sty
Package: kvoptions 2020-10-07 v3.14 Key value format for package options (HO)
)
\@linkdim=\dimen157
\Hy@linkcounter=\count278
\Hy@pagecounter=\count279

(/usr/share/texlive/texmf-dist/tex/latex/hyperref/pd1enc.def
File: pd1enc.def 2021-06-07 v7.00m Hyperref: PDFDocEncoding definition (HO)
Now handling font encoding PD1 ...
... no UTF-8 mapping file for font encoding PD1
)
(/usr/share/texlive/texmf-dist/tex/latex/hyperref/hyperref-langpatches.def
File: hyperref-langpatches.def 2021-06-07 v7.00m Hyperref: patches for babel la
nguages
)
(/usr/share/texlive/texmf-dist/tex/generic/intcalc/intcalc.sty
Package: intcalc 2019/12/15 v1.3 Expandable calculations with integers (HO)
)
(/usr/share/texlive/texmf-dist/tex/generic/etexcmds/etexcmds.sty
Package: etexcmds 2019/12/15 v1.7 Avoid name clashes with e-TeX commands (HO)
)
\Hy@SavedSpaceFactor=\count280

(/usr/share/texlive/texmf-dist/tex/latex/hyperref/puenc.def
File: puenc.def 2021-06-07 v7.00m Hyperref: PDF Unicode definition (HO)
Now handling font encoding PU ...
... no UTF-8 mapping file for font encoding PU
)
Package hyperref Info: Hyper figures OFF on input line 4192.
Package hyperref Info: Link nesting OFF on input line 4197.
Package hyperref Info: Hyper index ON on input line 4200.
Package hyperref Info: Plain pages OFF on input line 4207.
Package hyperref Info: Backreferencing OFF on input line 4212.
Package hyperref Info: Implicit mode ON; LaTeX internals redefined.
Package hyperref Info: Bookmarks ON on input line 4445.
\c@Hy@tempcnt=\count281

(/usr/share/texlive/texmf-dist/tex/latex/url/url.sty
\Urlmuskip=\muskip16
Package: url 2013/09/16  ver 3.4  Verb mode for urls, etc.
)
LaTeX Info: Redefining \url on input line 4804.
\XeTeXLinkMargin=\dimen158

(/usr/share/texlive/texmf-dist/tex/generic/bitset/bitset.sty
Package: bitset 2019/12/09 v1.3 Handle bit-vector datatype (HO)

(/usr/share/texlive/texmf-dist/tex/generic/bigintcalc/bigintcalc.sty
Package: bigintcalc 2019/12/15 v1.5 Expandable calculations on big integers (HO
)
))
\Fld@menulength=\count282
\Field@Width=\dimen159
\Fld@charsize=\dimen160
Package hyperref Info: Hyper figures OFF on input line 6076.
Package hyperref Info: Link nesting OFF on input line 6081.
Package hyperref Info: Hyper index ON on input line 6084.
Package hyperref Info: backreferencing OFF on input line 6091.
Package hyperref Info: Link coloring OFF on input line 6096.
Package hyperref Info: Link coloring with OCG OFF on input line 6101.
Package hyperref Info: PDF/A mode OFF on input line 6106.
LaTeX Info: Redefining \ref on input line 6146.
LaTeX Info: Redefining \pageref on input line 6150.

(/usr/share/texlive/texmf-dist/tex/latex/base/atbegshi-ltx.sty
Package: atbegshi-ltx 2021/01/10 v1.0c Emulation of the original atbegshi
package with kernel methods
)
\Hy@abspage=\count283
\c@Item=\count284
\c@Hfootnote=\count285
)
Package hyperref Info: Driver (autodetected): hpdftex.

(/usr/share/texlive/texmf-dist/tex/latex/hyperref/hpdftex.def
File: hpdftex.def 2021-06-07 v7.00m Hyperref driver for pdfTeX

(/usr/share/texlive/texmf-dist/tex/latex/base/atveryend-ltx.sty
Package: atveryend-ltx 2020/08/19 v1.0a Emulation of the original atveryend pac
kage
with kernel methods
)
\Fld@listcount=\count286
\c@bookmark@seq@number=\count287

(/usr/share/texlive/texmf-dist/tex/latex/rerunfilecheck/rerunfilecheck.sty
Package: rerunfilecheck 2019/12/05 v1.9 Rerun checks for auxiliary files (HO)

(/usr/share/texlive/texmf-dist/tex/generic/uniquecounter/uniquecounter.sty
Package: uniquecounter 2019/12/15 v1.4 Provide unlimited unique counter (HO)
)
Package uniquecounter Info: New unique counter `rerunfilecheck' on input line 2
86.
)
\Hy@SectionHShift=\skip52
)
Package hyperref Info: Option `colorlinks' set `true' on input line 20.

(/usr/share/texlive/texmf-dist/tex/latex/bookmark/bookmark.sty
Package: bookmark 2020-11-06 v1.29 PDF bookmarks (HO)

(/usr/share/texlive/texmf-dist/tex/latex/bookmark/bkm-pdftex.def
File: bkm-pdftex.def 2020-11-06 v1.29 bookmark driver for pdfTeX (HO)
\BKM@id=\count288
))
(/usr/share/texlive/texmf-dist/tex/latex/blindtext/blindtext.sty
Package: blindtext 2012/01/06 V2.0 blindtext-Package

(/usr/share/texlive/texmf-dist/tex/latex/tools/xspace.sty
Package: xspace 2014/10/28 v1.13 Space after command names (DPC,MH)
)
\c@blindtext=\count289
\c@Blindtext=\count290
\c@blind@countparstart=\count291
\blind@countxx=\count292
\blindtext@numBlindtext=\count293
\blind@countyy=\count294
\c@blindlist=\count295
\c@blindlistlevel=\count296
\c@blindlist@level=\count297
\blind@listitem=\count298
\c@blind@listcount=\count299
\c@blind@levelcount=\count300
\blind@mathformula=\count301
\blind@Mathformula=\count302
\c@blind@randomcount=\count303
\c@blind@randommax=\count304
\c@blind@pangramcount=\count305
\c@blind@pangrammax=\count306
)
(/usr/share/texlive/texmf-dist/tex/latex/graphics/graphicx.sty
Package: graphicx 2021/09/16 v1.2d Enhanced LaTeX Graphics (DPC,SPQR)

(/usr/share/texlive/texmf-dist/tex/latex/graphics/graphics.sty
Package: graphics 2021/03/04 v1.4d Standard LaTeX Graphics (DPC,SPQR)

(/usr/share/texlive/texmf-dist/tex/latex/graphics/trig.sty
Package: trig 2021/08/11 v1.11 sin cos tan (DPC)
)
(/usr/share/texlive/texmf-dist/tex/latex/graphics-cfg/graphics.cfg
File: graphics.cfg 2016/06/04 v1.11 sample graphics configuration
)
Package graphics Info: Driver file: pdftex.def on input line 107.

(/usr/share/texlive/texmf-dist/tex/latex/graphics-def/pdftex.def
File: pdftex.def 2020/10/05 v1.2a Graphics/color driver for pdftex
))
\Gin@req@height=\dimen161
\Gin@req@width=\dimen162
)
(/usr/share/texlive/texmf-dist/tex/latex/l3backend/l3backend-pdftex.def
File: l3backend-pdftex.def 2022-01-12 L3 backend support: PDF output (pdfTeX)
\l__color_backend_stack_int=\count307
\l__pdf_internal_box=\box95
)
(rapport//rapport2.aux)
\openout1 = `rapport2.aux'.

LaTeX Font Info:    Checking defaults for OML/cmm/m/it on input line 39.
LaTeX Font Info:    ... okay on input line 39.
LaTeX Font Info:    Checking defaults for OMS/cmsy/m/n on input line 39.
LaTeX Font Info:    ... okay on input line 39.
LaTeX Font Info:    Checking defaults for OT1/cmr/m/n on input line 39.
LaTeX Font Info:    ... okay on input line 39.
LaTeX Font Info:    Checking defaults for T1/cmr/m/n on input line 39.
LaTeX Font Info:    ... okay on input line 39.
LaTeX Font Info:    Checking defaults for TS1/cmr/m/n on input line 39.
LaTeX Font Info:    ... okay on input line 39.
LaTeX Font Info:    Checking defaults for OMX/cmex/m/n on input line 39.
LaTeX Font Info:    ... okay on input line 39.
LaTeX Font Info:    Checking defaults for U/cmr/m/n on input line 39.
LaTeX Font Info:    ... okay on input line 39.
LaTeX Font Info:    Checking defaults for PD1/pdf/m/n on input line 39.
LaTeX Font Info:    ... okay on input line 39.
LaTeX Font Info:    Checking defaults for PU/pdf/m/n on input line 39.
LaTeX Font Info:    ... okay on input line 39.
LaTeX Info: Redefining \degres on input line 39.
LaTeX Info: Redefining \up on input line 39.

(/usr/share/texlive/texmf-dist/tex/latex/graphics/color.sty
Package: color 2021/12/07 v1.3c Standard LaTeX Color (DPC)

(/usr/share/texlive/texmf-dist/tex/latex/graphics-cfg/color.cfg
File: color.cfg 2016/01/02 v1.6 sample color configuration
)
Package color Info: Driver file: pdftex.def on input line 149.
)
Package hyperref Info: Link coloring ON on input line 39.

(/usr/share/texlive/texmf-dist/tex/latex/hyperref/nameref.sty
Package: nameref 2021-04-02 v2.47 Cross-referencing by name of section

(/usr/share/texlive/texmf-dist/tex/latex/refcount/refcount.sty
Package: refcount 2019/12/15 v3.6 Data extraction from label references (HO)
)
(/usr/share/texlive/texmf-dist/tex/generic/gettitlestring/gettitlestring.sty
Package: gettitlestring 2019/12/15 v1.6 Cleanup title references (HO)
)
\c@section@level=\count308
)
LaTeX Info: Redefining \ref on input line 39.
LaTeX Info: Redefining \pageref on input line 39.
LaTeX Info: Redefining \nameref on input line 39.

(/usr/share/texlive/texmf-dist/tex/context/base/mkii/supp-pdf.mkii
[Loading MPS to PDF converter (version 2006.09.02).]
\scratchcounter=\count309
\scratchdimen=\dimen163
\scratchbox=\box96
\nofMPsegments=\count310
\nofMParguments=\count311
\everyMPshowfont=\toks20
\MPscratchCnt=\count312
\MPscratchDim=\dimen164
\MPnumerator=\count313
\makeMPintoPDFobject=\count314
\everyMPtoPDFconversion=\toks21
) (/usr/share/texlive/texmf-dist/tex/latex/epstopdf-pkg/epstopdf-base.sty
Package: epstopdf-base 2020-01-24 v2.11 Base part for package epstopdf
Package epstopdf-base Info: Redefining graphics rule for `.eps' on input line 4
85.

(/usr/share/texlive/texmf-dist/tex/latex/latexconfig/epstopdf-sys.cfg
File: epstopdf-sys.cfg 2010/07/13 v1.3 Configuration of (r)epstopdf for TeX Liv
e
))
LaTeX Font Info:    External font `cmex10' loaded for size
(Font)              <12> on input line 41.
LaTeX Font Info:    External font `cmex10' loaded for size
(Font)              <8> on input line 41.
LaTeX Font Info:    External font `cmex10' loaded for size
(Font)              <6> on input line 41.
<rapport/img2//himeno.png, id=4, 399.4925pt x 996.72375pt>
File: rapport/img2//himeno.png Graphic file (type png)
<use rapport/img2//himeno.png>
Package pdftex.def Info: rapport/img2//himeno.png  used on input line 42.
(pdftex.def)             Requested size: 172.47333pt x 430.31812pt.

[1

{/var/lib/texmf/fonts/map/pdftex/updmap/pdftex.map} <./rapport/img2//himeno.png
>] (rapport//rapport2.toc
LaTeX Font Info:    External font `cmex10' loaded for size
(Font)              <7> on input line 8.
LaTeX Font Info:    External font `cmex10' loaded for size
(Font)              <5> on input line 8.
)
\tf@toc=\write3
\openout3 = `rapport2.toc'.

LaTeX Font Info:    Trying to load font information for T1+cmtt on input line 6
0.

(/usr/share/texlive/texmf-dist/tex/latex/base/t1cmtt.fd
File: t1cmtt.fd 2019/12/16 v2.5j Standard LaTeX font definitions
) [2]
Underfull \hbox (badness 10000) in paragraph at lines 90--90
[]\T1/cmr/bx/n/14.4 Les fonc-tion-na-li-tés pré-
 []

<rapport/img2//signin/fail.png, id=49, 269.005pt x 285.065pt>
File: rapport/img2//signin/fail.png Graphic file (type png)
<use rapport/img2//signin/fail.png>
Package pdftex.def Info: rapport/img2//signin/fail.png  used on input line 97.
(pdftex.def)             Requested size: 212.89546pt x 225.60776pt.
<rapport/img2//signin/page1.png, id=50, 1084.05pt x 2348.775pt>
File: rapport/img2//signin/page1.png Graphic file (type png)
<use rapport/img2//signin/page1.png>
Package pdftex.def Info: rapport/img2//signin/page1.png  used on input line 98.

(pdftex.def)             Requested size: 212.89546pt x 461.25275pt.
<rapport/img2//signin/page2.png, id=51, 1084.05pt x 2348.775pt>
File: rapport/img2//signin/page2.png Graphic file (type png)
<use rapport/img2//signin/page2.png>
Package pdftex.def Info: rapport/img2//signin/page2.png  used on input line 99.

(pdftex.def)             Requested size: 212.89546pt x 461.25275pt.
<rapport/img2//signin/page3.png, id=52, 1084.05pt x 2348.775pt>
File: rapport/img2//signin/page3.png Graphic file (type png)
<use rapport/img2//signin/page3.png>
Package pdftex.def Info: rapport/img2//signin/page3.png  used on input line 100
.
(pdftex.def)             Requested size: 212.89546pt x 461.25275pt.
<rapport/img2//signin/page4.png, id=53, 1084.05pt x 2348.775pt>
File: rapport/img2//signin/page4.png Graphic file (type png)
<use rapport/img2//signin/page4.png>
Package pdftex.def Info: rapport/img2//signin/page4.png  used on input line 101
.
(pdftex.def)             Requested size: 212.89546pt x 461.25275pt.
<rapport/img2//signin/after.png, id=54, 1084.05pt x 2348.775pt>
File: rapport/img2//signin/after.png Graphic file (type png)
<use rapport/img2//signin/after.png>
Package pdftex.def Info: rapport/img2//signin/after.png  used on input line 102
.
(pdftex.def)             Requested size: 212.89546pt x 461.25275pt.
<rapport/img2//signin/code.png, id=55, 761.84625pt x 475.7775pt>
File: rapport/img2//signin/code.png Graphic file (type png)
<use rapport/img2//signin/code.png>
Package pdftex.def Info: rapport/img2//signin/code.png  used on input line 103.

(pdftex.def)             Requested size: 212.89546pt x 132.94817pt.

Overfull \hbox (1.41151pt too wide) in paragraph at lines 97--104
[]
 []


Overfull \hbox (1.41151pt too wide) in paragraph at lines 97--104
[]
 []


Overfull \hbox (1.41151pt too wide) in paragraph at lines 97--104
[]
 []


Overfull \hbox (1.41151pt too wide) in paragraph at lines 97--104
[]
 []


Overfull \hbox (1.41151pt too wide) in paragraph at lines 97--104
[]
 []


Overfull \hbox (1.41151pt too wide) in paragraph at lines 97--104
[]
 []


Overfull \hbox (1.41151pt too wide) in paragraph at lines 97--104
[] 
 []

[3 <./rapport/img2//signin/fail.png> <./rapport/img2//signin/page1.png>]
[4 <./rapport/img2//signin/page2.png> <./rapport/img2//signin/page3.png>]
<rapport/img2//login/signInWithEmailAndPassword.png, id=70, 799.98875pt x 498.8
6375pt>
File: rapport/img2//login/signInWithEmailAndPassword.png Graphic file (type png
)
<use rapport/img2//login/signInWithEmailAndPassword.png>
Package pdftex.def Info: rapport/img2//login/signInWithEmailAndPassword.png  us
ed on input line 108.
(pdftex.def)             Requested size: 212.89546pt x 132.75394pt.

Overfull \hbox (1.41151pt too wide) in paragraph at lines 108--109
[] 
 []

<rapport/img2//resetPwd/codeReset.png, id=71, 688.5725pt x 564.1075pt>
File: rapport/img2//resetPwd/codeReset.png Graphic file (type png)
<use rapport/img2//resetPwd/codeReset.png>
Package pdftex.def Info: rapport/img2//resetPwd/codeReset.png  used on input li
ne 113.
(pdftex.def)             Requested size: 212.89546pt x 174.4067pt.
<rapport/img2//resetPwd/codeResetAuth.png, id=72, 718.685pt x 182.6825pt>
File: rapport/img2//resetPwd/codeResetAuth.png Graphic file (type png)
<use rapport/img2//resetPwd/codeResetAuth.png>
Package pdftex.def Info: rapport/img2//resetPwd/codeResetAuth.png  used on inpu
t line 114.
(pdftex.def)             Requested size: 212.89546pt x 54.11665pt.
<rapport/img2//resetPwd/result.jpg, id=73, 1129.21875pt x 2445.135pt>
File: rapport/img2//resetPwd/result.jpg Graphic file (type jpg)
<use rapport/img2//resetPwd/result.jpg>
Package pdftex.def Info: rapport/img2//resetPwd/result.jpg  used on input line 
115.
(pdftex.def)             Requested size: 212.89546pt x 460.96144pt.

Overfull \hbox (1.41151pt too wide) in paragraph at lines 113--116
[]
 []


Overfull \hbox (1.41151pt too wide) in paragraph at lines 113--116
[]
 []


Overfull \hbox (1.41151pt too wide) in paragraph at lines 113--116
[] 
 []

[5 <./rapport/img2//signin/page4.png> <./rapport/img2//signin/after.png> <./rap
port/img2//signin/code.png>]
<rapport/img2//navBar/codeNavBar.png, id=82, 695.59875pt x 612.2875pt>
File: rapport/img2//navBar/codeNavBar.png Graphic file (type png)
<use rapport/img2//navBar/codeNavBar.png>
Package pdftex.def Info: rapport/img2//navBar/codeNavBar.png  used on input lin
e 119.
(pdftex.def)             Requested size: 212.89546pt x 187.39673pt.
<rapport/img2//navBar/layoutNavBar.png, id=83, 608.2725pt x 496.85625pt>
File: rapport/img2//navBar/layoutNavBar.png Graphic file (type png)
<use rapport/img2//navBar/layoutNavBar.png>
Package pdftex.def Info: rapport/img2//navBar/layoutNavBar.png  used on input l
ine 120.
(pdftex.def)             Requested size: 212.89546pt x 173.8947pt.

Overfull \hbox (1.41151pt too wide) in paragraph at lines 119--121
[]
 []


Overfull \hbox (1.41151pt too wide) in paragraph at lines 119--121
[] 
 []

[6 <./rapport/img2//login/signInWithEmailAndPassword.png> <./rapport/img2//rese
tPwd/codeReset.png> <./rapport/img2//resetPwd/codeResetAuth.png> <./rapport/img
2//resetPwd/result.jpg>]
<rapport/img2//save/screenSave.png, id=92, 1084.05pt x 2348.775pt>
File: rapport/img2//save/screenSave.png Graphic file (type png)
<use rapport/img2//save/screenSave.png>
Package pdftex.def Info: rapport/img2//save/screenSave.png  used on input line 
125.
(pdftex.def)             Requested size: 212.89546pt x 461.25275pt.
<rapport/img2//save/alreadySaved.png, id=93, 1084.05pt x 2348.775pt>
File: rapport/img2//save/alreadySaved.png Graphic file (type png)
<use rapport/img2//save/alreadySaved.png>
Package pdftex.def Info: rapport/img2//save/alreadySaved.png  used on input lin
e 126.
(pdftex.def)             Requested size: 212.89546pt x 461.25275pt.
<rapport/img2//save/screenSavedList.png, id=94, 1084.05pt x 2348.775pt>
File: rapport/img2//save/screenSavedList.png Graphic file (type png)
<use rapport/img2//save/screenSavedList.png>
Package pdftex.def Info: rapport/img2//save/screenSavedList.png  used on input 
line 127.
(pdftex.def)             Requested size: 212.89546pt x 461.25275pt.
<rapport/img2//save/screenDelete.png, id=95, 1084.05pt x 2348.775pt>
File: rapport/img2//save/screenDelete.png Graphic file (type png)
<use rapport/img2//save/screenDelete.png>
Package pdftex.def Info: rapport/img2//save/screenDelete.png  used on input lin
e 128.
(pdftex.def)             Requested size: 212.89546pt x 461.25275pt.
<rapport/img2//save/code.png, id=96, 851.18pt x 102.3825pt>
File: rapport/img2//save/code.png Graphic file (type png)
<use rapport/img2//save/code.png>
Package pdftex.def Info: rapport/img2//save/code.png  used on input line 129.
(pdftex.def)             Requested size: 212.89546pt x 25.60649pt.

Overfull \hbox (1.41151pt too wide) in paragraph at lines 125--130
[]
 []


Overfull \hbox (1.41151pt too wide) in paragraph at lines 125--130
[]
 []


Overfull \hbox (1.41151pt too wide) in paragraph at lines 125--130
[]
 []


Overfull \hbox (1.41151pt too wide) in paragraph at lines 125--130
[]
 []


Overfull \hbox (1.41151pt too wide) in paragraph at lines 125--130
[] 
 []

[7 <./rapport/img2//navBar/codeNavBar.png> <./rapport/img2//navBar/layoutNavBar
.png> <./rapport/img2//save/screenSave.png>] [8 <./rapport/img2//save/alreadySa
ved.png> <./rapport/img2//save/screenSavedList.png>]
<rapport/img2//apply/screenApplied.png, id=112, 1084.05pt x 2348.775pt>
File: rapport/img2//apply/screenApplied.png Graphic file (type png)
<use rapport/img2//apply/screenApplied.png>
Package pdftex.def Info: rapport/img2//apply/screenApplied.png  used on input l
ine 134.
(pdftex.def)             Requested size: 212.89546pt x 461.25275pt.
<rapport/img2//apply/screenAppliedList.png, id=113, 1084.05pt x 2348.775pt>
File: rapport/img2//apply/screenAppliedList.png Graphic file (type png)
<use rapport/img2//apply/screenAppliedList.png>
Package pdftex.def Info: rapport/img2//apply/screenAppliedList.png  used on inp
ut line 135.
(pdftex.def)             Requested size: 212.89546pt x 461.25275pt.
<rapport/img2//apply/code.png, id=114, 983.675pt x 331.2375pt>
File: rapport/img2//apply/code.png Graphic file (type png)
<use rapport/img2//apply/code.png>
Package pdftex.def Info: rapport/img2//apply/code.png  used on input line 136.
(pdftex.def)             Requested size: 212.89546pt x 71.68471pt.

Overfull \hbox (1.41151pt too wide) in paragraph at lines 134--137
[]
 []


Overfull \hbox (1.41151pt too wide) in paragraph at lines 134--137
[]
 []


Overfull \hbox (1.41151pt too wide) in paragraph at lines 134--137
[] 
 []

[9 <./rapport/img2//save/screenDelete.png> <./rapport/img2//save/code.png> <./r
apport/img2//apply/screenApplied.png>]
<rapport/img2//search/screenshotSearch.png, id=123, 1084.05pt x 2348.775pt>
File: rapport/img2//search/screenshotSearch.png Graphic file (type png)
<use rapport/img2//search/screenshotSearch.png>
Package pdftex.def Info: rapport/img2//search/screenshotSearch.png  used on inp
ut line 141.
(pdftex.def)             Requested size: 212.89546pt x 461.25275pt.
<rapport/img2//search/code.png, id=124, 760.8425pt x 913.4125pt>
File: rapport/img2//search/code.png Graphic file (type png)
<use rapport/img2//search/code.png>
Package pdftex.def Info: rapport/img2//search/code.png  used on input line 142.

(pdftex.def)             Requested size: 212.89546pt x 255.5865pt.

Overfull \hbox (1.41151pt too wide) in paragraph at lines 141--143
[]
 []


Overfull \hbox (1.41151pt too wide) in paragraph at lines 141--143
[] 
 []


Overfull \vbox (47.33238pt too high) has occurred while \output is active []


[10 <./rapport/img2//apply/screenAppliedList.png> <./rapport/img2//apply/code.p
ng> <./rapport/img2//search/screenshotSearch.png>] [11 <./rapport/img2//search/
code.png>] (rapport//rapport2.aux) ) 
Here is how much of TeX's memory you used:
 11108 strings out of 479551
 181768 string characters out of 5876172
 480490 words of memory out of 5000000
 28894 multiletter control sequences out of 15000+600000
 478382 words of font info for 46 fonts, out of 8000000 for 9000
 395 hyphenation exceptions out of 8191
 60i,6n,63p,443b,499s stack positions out of 5000i,500n,10000p,200000b,80000s
 </home/tony/.texlive2021/texmf-var/fonts/p
k/ljfour/jknappen/ec/ecbx1200.600pk> </home/tony/.texlive2021/texmf-var/fonts/p
k/ljfour/jknappen/ec/ectt1000.600pk> </home/tony/.texlive2021/texmf-var/fonts/p
k/ljfour/jknappen/ec/ecbx1000.600pk> </home/tony/.texlive2021/texmf-var/fonts/p
k/ljfour/jknappen/ec/ecbx1440.600pk> </home/tony/.texlive2021/texmf-var/fonts/p
k/ljfour/jknappen/ec/ecrm1000.600pk> </home/tony/.texlive2021/texmf-var/fonts/p
k/ljfour/jknappen/ec/ecti1200.600pk> </home/tony/.texlive2021/texmf-var/fonts/p
k/ljfour/jknappen/ec/ecrm1200.600pk> </home/tony/.texlive2021/texmf-var/fonts/p
k/ljfour/jknappen/ec/ecrm1728.600pk>
Output written on rapport//rapport2.pdf (11 pages, 1918312 bytes).
PDF statistics:
 424 PDF objects out of 1000 (max. 8388607)
 140 compressed objects within 2 object streams
 33 named destinations out of 1000 (max. 500000)
 193 words of extra memory for PDF output out of 10000 (max. 10000000)

